<?xml version='1.0' encoding='UTF-8'?>
<testsuite hostname="LAPTOP-BOINNDAJ" name="MoveTest" tests="1" errors="0" failures="0" skipped="0" time="1.591" timestamp="2023-03-13T00:34:19">
                     <properties>
[...]
</properties>
                     <testcase classname="MoveTest" name="checkMove" time="1.591">
                                                 
                                               </testcase>
                     <system-out><![CDATA[]]></system-out>
                     <system-err><![CDATA[]]></system-err>
                   </testsuite>